<?xml version="1.0" encoding="UTF-8"?>
<!-- Generated by org.testng.reporters.JUnitReportReporter -->
<testsuite hostname="192.168.1.7" failures="0" tests="1" name="com.testcases.Tc_register" time="4.461" errors="0" timestamp="2025-04-26T09:59:11 IST" skipped="0">
  <testcase classname="com.testcases.Tc_register" name="register" time="4.461"/>
</testsuite> <!-- com.testcases.Tc_register -->
