<?xml version="1.0" encoding="UTF-8"?>
<!-- Generated by org.testng.reporters.JUnitReportReporter -->
<testsuite hostname="DESKTOP-D1K9Q9B" failures="0" tests="1" name="com.testcases.Tc_computers" time="31.076" errors="0" timestamp="2025-05-03T12:37:31 IST" skipped="0">
  <testcase classname="com.testcases.Tc_computers" name="computers" time="31.076"/>
</testsuite> <!-- com.testcases.Tc_computers -->
